#
# There is insufficient memory for the Java Runtime Environment to continue.
# Native memory allocation (mmap) failed to map 132120576 bytes. Error detail: G1 virtual space
# Possible reasons:
#   The system is out of physical RAM or swap space
#   This process is running with CompressedOops enabled, and the Java Heap may be blocking the growth of the native heap
# Possible solutions:
#   Reduce memory load on the system
#   Increase physical memory or swap space
#   Check if swap backing store is full
#   Decrease Java heap size (-Xmx/-Xms)
#   Decrease number of Java threads
#   Decrease Java thread stack sizes (-Xss)
#   Set larger code cache with -XX:ReservedCodeCacheSize=
#   JVM is running with Unscaled Compressed Oops mode in which the Java heap is
#     placed in the first 4GB address space. The Java Heap base address is the
#     maximum limit for the native heap growth. Please use -XX:HeapBaseMinAddress
#     to set the Java Heap base and to place the Java Heap above 4GB virtual address.
# This output file may be truncated or incomplete.
#
#  Out of Memory Error (os_windows.cpp:3703), pid=16884, tid=12296
#
# JRE version:  (23.0+37) (build )
# Java VM: Java HotSpot(TM) 64-Bit Server VM (23+37-2369, mixed mode, sharing, tiered, compressed oops, compressed class ptrs, g1 gc, windows-amd64)
# No core dump will be written. Minidumps are not enabled by default on client versions of Windows
#

---------------  S U M M A R Y ------------

Command Line: -Dnet.bytebuddy.agent.attacher.dump= net.bytebuddy.agent.Attacher com.sun.tools.attach.VirtualMachine 16584 C:\Users\fabri\.m2\repository\net\bytebuddy\byte-buddy-agent\1.15.11\byte-buddy-agent-1.15.11.jar false 

Host: Intel(R) Core(TM) i5-3570 CPU @ 3.40GHz, 4 cores, 7G,  Windows 10 , 64 bit Build 19041 (10.0.19041.5438)
Time: Tue Apr  8 15:12:27 2025 Eastern Daylight Time elapsed time: 0.019465 seconds (0d 0h 0m 0s)

---------------  T H R E A D  ---------------

Current thread (0x00000152599c4c00):  JavaThread "Unknown thread" [_thread_in_vm, id=12296, stack(0x0000001090000000,0x0000001090100000) (1024K)]

Stack: [0x0000001090000000,0x0000001090100000]
Native frames: (J=compiled Java code, j=interpreted, Vv=VM code, C=native code)
V  [jvm.dll+0x6e08a9]  (no source info available)
V  [jvm.dll+0x87da63]  (no source info available)
V  [jvm.dll+0x87feee]  (no source info available)
V  [jvm.dll+0x8805c3]  (no source info available)
V  [jvm.dll+0x27aee6]  (no source info available)
V  [jvm.dll+0x6dd1b5]  (no source info available)
V  [jvm.dll+0x6d103a]  (no source info available)
V  [jvm.dll+0x35b3ea]  (no source info available)
V  [jvm.dll+0x3637f6]  (no source info available)
V  [jvm.dll+0x34fd5e]  (no source info available)
V  [jvm.dll+0x34fff8]  (no source info available)
V  [jvm.dll+0x3289cc]  (no source info available)
V  [jvm.dll+0x32966e]  (no source info available)
V  [jvm.dll+0x8442e5]  (no source info available)
V  [jvm.dll+0x3b9848]  (no source info available)
V  [jvm.dll+0x82d0dc]  (no source info available)
V  [jvm.dll+0x454d4e]  (no source info available)
V  [jvm.dll+0x456bd1]  (no source info available)
C  [jli.dll+0x52a3]  (no source info available)
C  [ucrtbase.dll+0x21bb2]  (no source info available)
C  [KERNEL32.DLL+0x17374]  (no source info available)
C  [ntdll.dll+0x4cc91]  (no source info available)

Lock stack of current Java thread (top to bottom):


---------------  P R O C E S S  ---------------

Threads class SMR info:
_java_thread_list=0x00007ffae68a3618, length=0, elements={
}

Java Threads: ( => current thread )
Total: 0

Other Threads:
  0x000001525bcf2740 WorkerThread "GC Thread#0"                     [id=4524, stack(0x0000001090100000,0x0000001090200000) (1024K)]
  0x000001525bd07080 ConcurrentGCThread "G1 Main Marker"            [id=15492, stack(0x0000001090200000,0x0000001090300000) (1024K)]
  0x000001525bd07eb0 WorkerThread "G1 Conc#0"                       [id=2128, stack(0x0000001090300000,0x0000001090400000) (1024K)]

[error occurred during error reporting (printing all threads), id 0xc0000005, EXCEPTION_ACCESS_VIOLATION (0xc0000005) at pc=0x00007ffae5febfba]
VM state: not at safepoint (not fully initialized)

VM Mutex/Monitor currently owned by a thread:  ([mutex/lock_event])
[0x00007ffae6923a10] Heap_lock - owner thread: 0x00000152599c4c00

Heap address: 0x0000000083200000, size: 1998 MB, Compressed Oops mode: 32-bit

CDS archive(s) mapped at: [0x0000000000000000-0x0000000000000000-0x0000000000000000), size 0, SharedBaseAddress: 0x0000000800000000, ArchiveRelocationMode: 1.
Narrow klass base: 0x0000000000000000, Narrow klass shift: 0, Narrow klass range: 0x0

GC Precious Log:
 CardTable entry size: 512
 Card Set container configuration: InlinePtr #cards 5 size 8 Array Of Cards #cards 10 size 36 Howl #buckets 4 coarsen threshold 1843 Howl Bitmap #cards 512 size 80 coarsen threshold 460 Card regions per heap region 1 cards per card region 2048

Heap:
 garbage-first heap   total reserved 2045952K, committed 0K, used 0K [0x0000000083200000, 0x0000000100000000)
  region size 1024K, 0 young (0K), 0 survivors (0K)

[error occurred during error reporting (printing heap information), id 0xc0000005, EXCEPTION_ACCESS_VIOLATION (0xc0000005) at pc=0x00007ffae63ec3b9]
GC Heap History (0 events):
No events

Dll operation events (1 events):
Event: 0.009 Loaded shared library C:\Program Files\Java\jdk-23\bin\java.dll

Deoptimization events (0 events):
No events

Classes loaded (0 events):
No events

Classes unloaded (0 events):
No events

Classes redefined (0 events):
No events

Internal exceptions (0 events):
No events

VM Operations (0 events):
No events

Memory protections (0 events):
No events

Nmethod flushes (0 events):
No events

Events (0 events):
No events


Dynamic libraries:
0x00007ff7b8b80000 - 0x00007ff7b8b90000 	C:\Program Files\Java\jdk-23\bin\java.exe
0x00007ffb3eab0000 - 0x00007ffb3eca8000 	C:\WINDOWS\SYSTEM32\ntdll.dll
0x00007ffb3e8f0000 - 0x00007ffb3e9b2000 	C:\WINDOWS\System32\KERNEL32.DLL
0x00007ffb3c330000 - 0x00007ffb3c62f000 	C:\WINDOWS\System32\KERNELBASE.dll
0x00007ffb3c180000 - 0x00007ffb3c280000 	C:\WINDOWS\System32\ucrtbase.dll
0x00007ffb20080000 - 0x00007ffb20097000 	C:\Program Files\Java\jdk-23\bin\jli.dll
0x00007ffb200a0000 - 0x00007ffb200bb000 	C:\Program Files\Java\jdk-23\bin\VCRUNTIME140.dll
0x00007ffb3e390000 - 0x00007ffb3e52d000 	C:\WINDOWS\System32\USER32.dll
0x00007ffb2dae0000 - 0x00007ffb2dd7a000 	C:\WINDOWS\WinSxS\amd64_microsoft.windows.common-controls_6595b64144ccf1df_6.0.19041.4355_none_60b8b9eb71f62e16\COMCTL32.dll
0x00007ffb3c680000 - 0x00007ffb3c6a2000 	C:\WINDOWS\System32\win32u.dll
0x00007ffb3cee0000 - 0x00007ffb3cf7e000 	C:\WINDOWS\System32\msvcrt.dll
0x00007ffb3e360000 - 0x00007ffb3e38b000 	C:\WINDOWS\System32\GDI32.dll
0x00007ffb3c6b0000 - 0x00007ffb3c7ca000 	C:\WINDOWS\System32\gdi32full.dll
0x00007ffb3c9c0000 - 0x00007ffb3ca5d000 	C:\WINDOWS\System32\msvcp_win.dll
0x00007ffb3cbd0000 - 0x00007ffb3cbff000 	C:\WINDOWS\System32\IMM32.DLL
0x00007ffb3bf50000 - 0x00007ffb3bf80000 	C:\WINDOWS\system32\DriverStore\FileRepository\nvtdwu.inf_amd64_7b6a26f0085e5f11\nvinitx.dll
0x00007ffb3e9c0000 - 0x00007ffb3ea6f000 	C:\WINDOWS\System32\ADVAPI32.dll
0x00007ffb3cad0000 - 0x00007ffb3cb6f000 	C:\WINDOWS\System32\sechost.dll
0x00007ffb3cc00000 - 0x00007ffb3cd23000 	C:\WINDOWS\System32\RPCRT4.dll
0x00007ffb3c150000 - 0x00007ffb3c177000 	C:\WINDOWS\System32\bcrypt.dll
0x00007ffb3bf80000 - 0x00007ffb3bf8a000 	C:\WINDOWS\SYSTEM32\VERSION.dll
0x00007ffb34e50000 - 0x00007ffb34e5c000 	C:\Program Files\Java\jdk-23\bin\vcruntime140_1.dll
0x00007ffaf4720000 - 0x00007ffaf47ae000 	C:\Program Files\Java\jdk-23\bin\msvcp140.dll
0x00007ffae5cb0000 - 0x00007ffae69ff000 	C:\Program Files\Java\jdk-23\bin\server\jvm.dll
0x00007ffb3e2f0000 - 0x00007ffb3e35b000 	C:\WINDOWS\System32\WS2_32.dll
0x00007ffb3bfb0000 - 0x00007ffb3bffb000 	C:\WINDOWS\SYSTEM32\POWRPROF.dll
0x00007ffb2e5d0000 - 0x00007ffb2e5f7000 	C:\WINDOWS\SYSTEM32\WINMM.dll
0x00007ffb3bf90000 - 0x00007ffb3bfa2000 	C:\WINDOWS\SYSTEM32\UMPDC.dll
0x00007ffb39e90000 - 0x00007ffb39ea2000 	C:\WINDOWS\SYSTEM32\kernel.appcore.dll
0x00007ffb34e10000 - 0x00007ffb34e1a000 	C:\Program Files\Java\jdk-23\bin\jimage.dll
0x00007ffb2dd90000 - 0x00007ffb2df74000 	C:\WINDOWS\SYSTEM32\DBGHELP.DLL
0x00007ffb29870000 - 0x00007ffb298a4000 	C:\WINDOWS\SYSTEM32\dbgcore.DLL
0x00007ffb3c930000 - 0x00007ffb3c9b2000 	C:\WINDOWS\System32\bcryptPrimitives.dll
0x00007ffb1fcd0000 - 0x00007ffb1fcee000 	C:\Program Files\Java\jdk-23\bin\java.dll
0x00007ffb3e7c0000 - 0x00007ffb3e8eb000 	C:\WINDOWS\System32\ole32.dll
0x00007ffb3deb0000 - 0x00007ffb3e205000 	C:\WINDOWS\System32\combase.dll
0x00007ffb3d050000 - 0x00007ffb3d7bd000 	C:\WINDOWS\System32\SHELL32.dll

dbghelp: loaded successfully - version: 4.0.5 - missing functions: none
symbol engine: initialized successfully - sym options: 0x614 - pdb path: .;C:\Program Files\Java\jdk-23\bin;C:\WINDOWS\SYSTEM32;C:\WINDOWS\WinSxS\amd64_microsoft.windows.common-controls_6595b64144ccf1df_6.0.19041.4355_none_60b8b9eb71f62e16;C:\WINDOWS\system32\DriverStore\FileRepository\nvtdwu.inf_amd64_7b6a26f0085e5f11;C:\Program Files\Java\jdk-23\bin\server

VM Arguments:
jvm_args: -Dnet.bytebuddy.agent.attacher.dump= 
java_command: net.bytebuddy.agent.Attacher com.sun.tools.attach.VirtualMachine 16584 C:\Users\fabri\.m2\repository\net\bytebuddy\byte-buddy-agent\1.15.11\byte-buddy-agent-1.15.11.jar false 
java_class_path (initial): C:\Users\fabri\.m2\repository\net\bytebuddy\byte-buddy-agent\1.15.11\byte-buddy-agent-1.15.11.jar
Launcher Type: SUN_STANDARD

[Global flags]
     intx CICompilerCount                          = 3                                         {product} {ergonomic}
     uint ConcGCThreads                            = 1                                         {product} {ergonomic}
     uint G1ConcRefinementThreads                  = 4                                         {product} {ergonomic}
   size_t G1HeapRegionSize                         = 1048576                                   {product} {ergonomic}
   size_t InitialHeapSize                          = 132120576                                 {product} {ergonomic}
   size_t MarkStackSize                            = 4194304                                   {product} {ergonomic}
   size_t MarkStackSizeMax                         = 536870912                                 {product} {ergonomic}
   size_t MaxHeapSize                              = 2095054848                                {product} {ergonomic}
   size_t MinHeapDeltaBytes                        = 1048576                                   {product} {ergonomic}
   size_t MinHeapSize                              = 8388608                                   {product} {ergonomic}
    uintx NonNMethodCodeHeapSize                   = 5832704                                {pd product} {ergonomic}
    uintx NonProfiledCodeHeapSize                  = 122945536                              {pd product} {ergonomic}
    uintx ProfiledCodeHeapSize                     = 122880000                              {pd product} {ergonomic}
    uintx ReservedCodeCacheSize                    = 251658240                              {pd product} {ergonomic}
     bool SegmentedCodeCache                       = true                                      {product} {ergonomic}
   size_t SoftMaxHeapSize                          = 2095054848                             {manageable} {ergonomic}
     bool UseCompressedOops                        = true                           {product lp64_product} {ergonomic}
     bool UseG1GC                                  = true                                      {product} {ergonomic}
     bool UseLargePagesIndividualAllocation        = false                                  {pd product} {ergonomic}

Logging:
Log output configuration:
 #0: stdout all=warning uptime,level,tags foldmultilines=false
 #1: stderr all=off uptime,level,tags foldmultilines=false

Environment Variables:
PATH=C:\Program Files\Common Files\Oracle\Java\javapath;C:\WINDOWS\system32;C:\WINDOWS;C:\WINDOWS\System32\Wbem;C:\WINDOWS\System32\WindowsPowerShell\v1.0\;C:\WINDOWS\System32\OpenSSH\;C:\Program Files\PuTTY\;C:\Program Files\Git\cmd;C:\Users\fabri\AppData\Local\Microsoft\WindowsApps;C:\Apps\maven\bin;C:\Users\fabri\AppData\Local\GitHubDesktop\bin
USERNAME=fabri
OS=Windows_NT
PROCESSOR_IDENTIFIER=Intel64 Family 6 Model 58 Stepping 9, GenuineIntel
TMP=C:\Users\fabri\AppData\Local\Temp
TEMP=C:\Users\fabri\AppData\Local\Temp




Periodic native trim disabled

---------------  S Y S T E M  ---------------

OS:
 Windows 10 , 64 bit Build 19041 (10.0.19041.5438)
OS uptime: 1 days 5:29 hours
Hyper-V role detected

CPU: total 4 (initial active 4) (4 cores per cpu, 1 threads per core) family 6 model 58 stepping 9 microcode 0x21, cx8, cmov, fxsr, mmx, sse, sse2, sse3, ssse3, sse4.1, sse4.2, popcnt, tsc, tscinvbit, avx, aes, erms, clmul, vzeroupper, clflush, hv, rdtscp, f16c
Processor Information for the first 4 processors :
  Max Mhz: 3401, Current Mhz: 3401, Mhz Limit: 3401

Memory: 4k page, system-wide physical 7987M (442M free)
TotalPageFile size 14021M (AvailPageFile size 75M)
current process WorkingSet (physical memory assigned to process): 11M, peak: 11M
current process commit charge ("private bytes"): 52M, peak: 178M

vm_info: Java HotSpot(TM) 64-Bit Server VM (23+37-2369) for windows-amd64 JRE (23+37-2369), built on 2024-08-20T16:01:23Z with MS VC++ 17.6 (VS2022)

END.
